d:\dropbox\1.cho\2.강의\2018년2학기\객체지향프로그래밍1\proj2018\proj.v00\debug\proj2018.pch
d:\dropbox\1.cho\2.강의\2018년2학기\객체지향프로그래밍1\proj2018\proj.v00\debug\vc141.pdb
d:\dropbox\1.cho\2.강의\2018년2학기\객체지향프로그래밍1\proj2018\proj.v00\debug\vc141.idb
d:\dropbox\1.cho\2.강의\2018년2학기\객체지향프로그래밍1\proj2018\proj.v00\debug\stdafx.obj
d:\dropbox\1.cho\2.강의\2018년2학기\객체지향프로그래밍1\proj2018\proj.v00\debug\window.obj
d:\dropbox\1.cho\2.강의\2018년2학기\객체지향프로그래밍1\proj2018\proj.v00\debug\view.obj
d:\dropbox\1.cho\2.강의\2018년2학기\객체지향프로그래밍1\proj2018\proj.v00\debug\proj2018.obj
d:\dropbox\1.cho\2.강의\2018년2학기\객체지향프로그래밍1\proj2018\proj.v00\debug\misc.obj
d:\dropbox\1.cho\2.강의\2018년2학기\객체지향프로그래밍1\proj2018\proj.v00\debug\proj2018.exe
d:\dropbox\1.cho\2.강의\2018년2학기\객체지향프로그래밍1\proj2018\proj.v00\debug\proj2018.ilk
d:\dropbox\1.cho\2.강의\2018년2학기\객체지향프로그래밍1\proj2018\proj.v00\debug\proj2018.pdb
d:\dropbox\1.cho\2.강의\2018년2학기\객체지향프로그래밍1\proj2018\proj.v00\debug\proj2018.res
d:\dropbox\1.cho\2.강의\2018년2학기\객체지향프로그래밍1\proj2018\proj.v00\debug\proj2018.tlog\cl.command.1.tlog
d:\dropbox\1.cho\2.강의\2018년2학기\객체지향프로그래밍1\proj2018\proj.v00\debug\proj2018.tlog\cl.read.1.tlog
d:\dropbox\1.cho\2.강의\2018년2학기\객체지향프로그래밍1\proj2018\proj.v00\debug\proj2018.tlog\cl.write.1.tlog
d:\dropbox\1.cho\2.강의\2018년2학기\객체지향프로그래밍1\proj2018\proj.v00\debug\proj2018.tlog\link.command.1.tlog
d:\dropbox\1.cho\2.강의\2018년2학기\객체지향프로그래밍1\proj2018\proj.v00\debug\proj2018.tlog\link.read.1.tlog
d:\dropbox\1.cho\2.강의\2018년2학기\객체지향프로그래밍1\proj2018\proj.v00\debug\proj2018.tlog\link.write.1.tlog
d:\dropbox\1.cho\2.강의\2018년2학기\객체지향프로그래밍1\proj2018\proj.v00\debug\proj2018.tlog\rc.command.1.tlog
d:\dropbox\1.cho\2.강의\2018년2학기\객체지향프로그래밍1\proj2018\proj.v00\debug\proj2018.tlog\rc.read.1.tlog
d:\dropbox\1.cho\2.강의\2018년2학기\객체지향프로그래밍1\proj2018\proj.v00\debug\proj2018.tlog\rc.write.1.tlog
